<?xml version="1.0" encoding="UTF-8"?>
<!-- Generated by org.testng.reporters.JUnitReportReporter -->
<testsuite name="com.ifpb.testes.Anotacoes1Test" tests="2" time="0.008" ignored="0" failures="0" timestamp="29 ago 2018 20:06:59 GMT" skipped="0" hostname="murillo" errors="0">
  <testcase name="teste_1" time="0.004" classname="com.ifpb.testes.Anotacoes1Test"/>
  <testcase name="teste_2" time="0.004" classname="com.ifpb.testes.Anotacoes1Test"/>
</testsuite> <!-- com.ifpb.testes.Anotacoes1Test -->
